130
100
200
300
Finished 130
131
100
200
300
Finished 131
132
100
200
300
Finished 132
133
100
200
300
Finished 133
134
100
200
300
Finished 134
135
100
200
300
Finished 135
136
100
200
300
Finished 136
137
100
200
300
Finished 137
138
100
200
300
400
Finished 138
139
100
200
Finished 139
140
100
200
300
Finished 140
141
100
200
300
Finished 141
142
100
200
Finished 142
143
100
200
300
400
Finished 143
144
100
200
300
Finished 144
145
100
200
300
Finished 145
146
100
200
300
400
Finished 146
147
100
200
300
400
Finished 147
148
100
200
300
Finished 148
149
100
200
300
400
Finished 149
150
100
200
300
Finished 150
151
100
200
300
Finished 151
152
100
200
300
Finished 152
153
100
200
300
Finished 153
154
100
200
Finished 154
155
100
200
300
400
Finished 155
156
100
200
300
Finished 156
157
100
200
300
400
Finished 157
158
100
200
300
400
Finished 158
159
100
200
300
Finished 159
