10
100
200
300
400
500
Finished 10
11
100
200
300
400
Finished 11
12
100
200
300
400
Finished 12
13
100
200
300
400
Finished 13
14
100
200
300
400
Finished 14
15
100
200
300
400
Finished 15
16
100
200
300
400
Finished 16
17
100
200
300
400
500
Finished 17
18
100
200
300
Finished 18
19
100
200
300
400
Finished 19
20
100
200
300
400
Finished 20
21
100
200
300
400
Finished 21
22
100
200
300
400
Finished 22
23
100
200
300
Finished 23
24
100
200
300
400
Finished 24
25
100
200
300
400
Finished 25
26
100
200
300
400
500
Finished 26
27
100
200
300
400
Finished 27
28
100
200
300
400
Finished 28
29
100
200
300
Finished 29
30
100
200
300
Finished 30
31
100
200
300
400
Finished 31
32
100
200
300
400
Finished 32
33
100
200
300
Finished 33
34
100
200
300
400
Finished 34
35
100
200
300
Finished 35
36
100
200
300
Finished 36
37
100
200
300
400
Finished 37
38
100
200
300
Finished 38
39
100
200
300
400
Finished 39
