40
100
200
300
400
Finished 40
41
100
200
300
400
Finished 41
42
100
200
300
Finished 42
43
100
200
300
400
Finished 43
44
100
200
300
Finished 44
45
100
200
300
Finished 45
46
100
200
300
400
Finished 46
47
100
200
300
400
Finished 47
48
100
200
300
Finished 48
49
100
200
300
Finished 49
50
100
Finished 50
51
100
200
300
Finished 51
52
100
200
300
Finished 52
53
100
200
300
Finished 53
54
100
200
300
Finished 54
55
100
200
Finished 55
56
100
200
300
400
Finished 56
57
100
200
300
Finished 57
58
100
Finished 58
59
100
200
300
Finished 59
60
100
200
300
Finished 60
61
100
200
300
400
Finished 61
62
100
200
300
Finished 62
63
100
200
Finished 63
64
100
200
300
400
Finished 64
65
100
200
300
Finished 65
66
100
200
300
400
Finished 66
67
100
200
300
400
Finished 67
68
100
200
300
Finished 68
69
100
200
300
Finished 69
