100
100
200
Finished 100
101
100
200
300
Finished 101
102
100
200
300
Finished 102
103
100
200
300
400
Finished 103
104
100
200
300
Finished 104
105
100
200
300
Finished 105
106
100
200
300
400
Finished 106
107
100
200
300
Finished 107
108
100
200
300
Finished 108
109
100
200
300
Finished 109
110
100
200
300
Finished 110
111
100
200
300
400
Finished 111
112
100
200
300
Finished 112
113
100
200
300
400
Finished 113
114
100
200
300
400
Finished 114
115
100
200
300
Finished 115
116
100
200
300
400
Finished 116
117
100
200
300
400
Finished 117
118
100
200
300
Finished 118
119
100
200
300
Finished 119
120
100
200
300
Finished 120
121
100
200
300
Finished 121
122
100
200
300
Finished 122
123
100
200
300
Finished 123
124
100
200
300
Finished 124
125
100
200
300
400
Finished 125
126
100
200
300
Finished 126
127
100
200
300
400
Finished 127
128
100
200
300
Finished 128
129
100
200
Finished 129
