1 456
2 316
3 425
4 499
5 381
6 437
7 530
8 552
9 252
10 543
11 420
12 496
13 486
14 461
15 451
16 404
17 533
18 381
19 422
20 496
21 454
22 482
23 346
24 473
25 483
26 543
27 461
28 407
29 372
30 383
31 488
32 429
33 371
34 451
35 372
36 389
37 403
38 393
39 401
40 427
41 410
42 388
43 414
44 386
45 346
46 404
47 404
48 352
49 357
50 190
51 381
52 316
53 356
54 349
55 294
56 405
57 373
58 159
59 387
60 387
61 448
62 349
63 286
64 421
65 391
66 400
67 470
68 346
69 312
70 385
71 365
72 376
73 433
74 449
75 449
76 402
77 362
78 358
79 269
80 423
81 373
82 398
83 322
84 389
85 331
86 324
87 244
88 315
89 278
90 419
91 372
92 289
93 329
94 306
95 305
96 336
97 359
98 344
99 314
100 241
101 378
102 361
103 402
104 388
105 389
106 404
107 363
108 363
109 392
110 380
111 433
112 340
113 404
114 456
115 306
116 443
117 447
118 305
119 337
120 314
121 336
122 387
123 390
124 330
125 490
126 326
127 414
128 374
129 286
130 367
131 351
132 332
133 370
134 351
135 377
136 349
137 372
138 400
139 218
140 355
141 363
142 270
143 436
144 317
145 316
146 469
147 433
148 368
149 434
150 320
151 374
152 341
153 316
154 269
155 422
156 333
157 424
158 427
159 349
160 289
161 339
162 390
163 420
164 331
165 343
165
Saved sound scenes.
